<?xml version="1.0" encoding="UTF-8"?>
<!-- Generated by org.testng.reporters.JUnitReportReporter -->
<testsuite hostname="DESKTOP-1N0VLJU" failures="0" tests="8" name="MyTestCases" time="1.412" errors="0" timestamp="2024-11-10T07:55:49 EET" skipped="5">
  <testcase classname="MyTestCases" name="radioButtons" time="0.115"/>
  <system-out/>
  <testcase classname="MyTestCases" name="dynamicDropDown" time="1.145"/>
  <system-out/>
  <testcase classname="MyTestCases" name="selectTag" time="0.152"/>
  <system-out/>
  <testcase classname="MyTestCases" name="mouseHover">
    <skipped/>
  </testcase> <!-- mouseHover -->
  <system-out/>
  <testcase classname="MyTestCases" name="tableData">
    <skipped/>
  </testcase> <!-- tableData -->
  <system-out/>
  <testcase classname="MyTestCases" name="iframe">
    <skipped/>
  </testcase> <!-- iframe -->
  <system-out/>
  <testcase classname="MyTestCases" name="hidebutton">
    <skipped/>
  </testcase> <!-- hidebutton -->
  <system-out/>
  <testcase classname="MyTestCases" name="switchToAlert">
    <skipped/>
  </testcase> <!-- switchToAlert -->
  <system-out/>
</testsuite> <!-- MyTestCases -->
