<?xml version="1.0" encoding="UTF-8"?>
<!-- Generated by org.testng.reporters.JUnitReportReporter -->
<testsuite hostname="DESKTOP-1N0VLJU" failures="0" tests="13" name="MyTestCases" time="12.145" errors="0" timestamp="2024-11-17T17:29:07 EET" skipped="12">
  <testcase classname="MyTestCases" name="iFrame" time="12.145"/>
  <system-out/>
  <testcase classname="MyTestCases" name="mouseHover">
    <skipped/>
  </testcase> <!-- mouseHover -->
  <system-out/>
  <testcase classname="MyTestCases" name="switchTabs">
    <skipped/>
  </testcase> <!-- switchTabs -->
  <system-out/>
  <testcase classname="MyTestCases" name="tableData">
    <skipped/>
  </testcase> <!-- tableData -->
  <system-out/>
  <testcase classname="MyTestCases" name="checkBox">
    <skipped/>
  </testcase> <!-- checkBox -->
  <system-out/>
  <testcase classname="MyTestCases" name="radioButtons">
    <skipped/>
  </testcase> <!-- radioButtons -->
  <system-out/>
  <testcase classname="MyTestCases" name="calender">
    <skipped/>
  </testcase> <!-- calender -->
  <system-out/>
  <testcase classname="MyTestCases" name="enabled_Displayed">
    <skipped/>
  </testcase> <!-- enabled_Displayed -->
  <system-out/>
  <testcase classname="MyTestCases" name="elementDisplayed">
    <skipped/>
  </testcase> <!-- elementDisplayed -->
  <system-out/>
  <testcase classname="MyTestCases" name="selectTag">
    <skipped/>
  </testcase> <!-- selectTag -->
  <system-out/>
  <testcase classname="MyTestCases" name="dynamicDropDown">
    <skipped/>
  </testcase> <!-- dynamicDropDown -->
  <system-out/>
  <testcase classname="MyTestCases" name="switchWindows">
    <skipped/>
  </testcase> <!-- switchWindows -->
  <system-out/>
  <testcase classname="MyTestCases" name="switchToAlert">
    <skipped/>
  </testcase> <!-- switchToAlert -->
  <system-out/>
</testsuite> <!-- MyTestCases -->
